ERROR - 2021-12-31 18:40:34 --> Duplicate entry 'General' for key 'cat_name'
ERROR - 2021-12-31 18:40:34 --> Duplicate entry '12345678' for key 'cus_code'
ERROR - 2021-12-31 18:42:37 --> Duplicate entry 'General' for key 'cat_name'
ERROR - 2021-12-31 18:42:37 --> Duplicate entry '12345678' for key 'cus_code'
ERROR - 2021-12-31 18:46:28 --> Duplicate entry 'General' for key 'cat_name'
ERROR - 2021-12-31 18:46:28 --> Duplicate entry '12345678' for key 'cus_code'
ERROR - 2021-12-31 18:48:50 --> Duplicate entry 'General' for key 'cat_name'
ERROR - 2021-12-31 18:48:50 --> Duplicate entry '12345678' for key 'cus_code'
ERROR - 2021-12-31 18:48:50 --> Duplicate entry '2222222222222' for key 'pd_code'
ERROR - 2021-12-31 18:48:50 --> Duplicate entry 'suchati28.1984@gmail.com' for key 'email'
CRITICAL - 2021-12-31 18:50:43 --> Undefined array key "activate"
#0 D:\xampp\htdocs\NPOS\app\Controllers\Customers.php(66): CodeIgniter\Debug\Exceptions->errorHandler(2, 'Undefined array...', 'D:\\xampp\\htdocs...', 66)
#1 D:\xampp\htdocs\NPOS\system\CodeIgniter.php(824): App\Controllers\Customers->find_sale_customer()
#2 D:\xampp\htdocs\NPOS\system\CodeIgniter.php(410): CodeIgniter\CodeIgniter->runController(Object(App\Controllers\Customers))
#3 D:\xampp\htdocs\NPOS\system\CodeIgniter.php(318): CodeIgniter\CodeIgniter->handleRequest(NULL, Object(Config\Cache), false)
#4 D:\xampp\htdocs\NPOS\public\index.php(48): CodeIgniter\CodeIgniter->run()
#5 {main}
CRITICAL - 2021-12-31 18:54:24 --> Undefined array key "activate"
#0 D:\xampp\htdocs\NPOS\app\Controllers\Customers.php(66): CodeIgniter\Debug\Exceptions->errorHandler(2, 'Undefined array...', 'D:\\xampp\\htdocs...', 66)
#1 D:\xampp\htdocs\NPOS\system\CodeIgniter.php(824): App\Controllers\Customers->find_sale_customer()
#2 D:\xampp\htdocs\NPOS\system\CodeIgniter.php(410): CodeIgniter\CodeIgniter->runController(Object(App\Controllers\Customers))
#3 D:\xampp\htdocs\NPOS\system\CodeIgniter.php(318): CodeIgniter\CodeIgniter->handleRequest(NULL, Object(Config\Cache), false)
#4 D:\xampp\htdocs\NPOS\public\index.php(48): CodeIgniter\CodeIgniter->run()
#5 {main}
CRITICAL - 2021-12-31 18:57:21 --> Undefined array key "activate"
#0 D:\xampp\htdocs\NPOS\app\Controllers\Customers.php(66): CodeIgniter\Debug\Exceptions->errorHandler(2, 'Undefined array...', 'D:\\xampp\\htdocs...', 66)
#1 D:\xampp\htdocs\NPOS\system\CodeIgniter.php(824): App\Controllers\Customers->find_sale_customer()
#2 D:\xampp\htdocs\NPOS\system\CodeIgniter.php(410): CodeIgniter\CodeIgniter->runController(Object(App\Controllers\Customers))
#3 D:\xampp\htdocs\NPOS\system\CodeIgniter.php(318): CodeIgniter\CodeIgniter->handleRequest(NULL, Object(Config\Cache), false)
#4 D:\xampp\htdocs\NPOS\public\index.php(48): CodeIgniter\CodeIgniter->run()
#5 {main}
CRITICAL - 2021-12-31 19:00:30 --> Undefined array key "activate"
#0 D:\xampp\htdocs\NPOS\app\Controllers\Customers.php(66): CodeIgniter\Debug\Exceptions->errorHandler(2, 'Undefined array...', 'D:\\xampp\\htdocs...', 66)
#1 D:\xampp\htdocs\NPOS\system\CodeIgniter.php(824): App\Controllers\Customers->find_sale_customer()
#2 D:\xampp\htdocs\NPOS\system\CodeIgniter.php(410): CodeIgniter\CodeIgniter->runController(Object(App\Controllers\Customers))
#3 D:\xampp\htdocs\NPOS\system\CodeIgniter.php(318): CodeIgniter\CodeIgniter->handleRequest(NULL, Object(Config\Cache), false)
#4 D:\xampp\htdocs\NPOS\public\index.php(48): CodeIgniter\CodeIgniter->run()
#5 {main}
CRITICAL - 2021-12-31 19:03:40 --> Undefined array key "activate"
#0 D:\xampp\htdocs\NPOS\app\Controllers\Customers.php(66): CodeIgniter\Debug\Exceptions->errorHandler(2, 'Undefined array...', 'D:\\xampp\\htdocs...', 66)
#1 D:\xampp\htdocs\NPOS\system\CodeIgniter.php(824): App\Controllers\Customers->find_sale_customer()
#2 D:\xampp\htdocs\NPOS\system\CodeIgniter.php(410): CodeIgniter\CodeIgniter->runController(Object(App\Controllers\Customers))
#3 D:\xampp\htdocs\NPOS\system\CodeIgniter.php(318): CodeIgniter\CodeIgniter->handleRequest(NULL, Object(Config\Cache), false)
#4 D:\xampp\htdocs\NPOS\public\index.php(48): CodeIgniter\CodeIgniter->run()
#5 {main}
CRITICAL - 2021-12-31 19:03:44 --> Undefined array key "activate"
#0 D:\xampp\htdocs\NPOS\app\Controllers\Customers.php(66): CodeIgniter\Debug\Exceptions->errorHandler(2, 'Undefined array...', 'D:\\xampp\\htdocs...', 66)
#1 D:\xampp\htdocs\NPOS\system\CodeIgniter.php(824): App\Controllers\Customers->find_sale_customer()
#2 D:\xampp\htdocs\NPOS\system\CodeIgniter.php(410): CodeIgniter\CodeIgniter->runController(Object(App\Controllers\Customers))
#3 D:\xampp\htdocs\NPOS\system\CodeIgniter.php(318): CodeIgniter\CodeIgniter->handleRequest(NULL, Object(Config\Cache), false)
#4 D:\xampp\htdocs\NPOS\public\index.php(48): CodeIgniter\CodeIgniter->run()
#5 {main}
CRITICAL - 2021-12-31 19:04:39 --> Undefined array key "activate"
#0 D:\xampp\htdocs\NPOS\app\Controllers\Customers.php(66): CodeIgniter\Debug\Exceptions->errorHandler(2, 'Undefined array...', 'D:\\xampp\\htdocs...', 66)
#1 D:\xampp\htdocs\NPOS\system\CodeIgniter.php(824): App\Controllers\Customers->find_sale_customer()
#2 D:\xampp\htdocs\NPOS\system\CodeIgniter.php(410): CodeIgniter\CodeIgniter->runController(Object(App\Controllers\Customers))
#3 D:\xampp\htdocs\NPOS\system\CodeIgniter.php(318): CodeIgniter\CodeIgniter->handleRequest(NULL, Object(Config\Cache), false)
#4 D:\xampp\htdocs\NPOS\public\index.php(48): CodeIgniter\CodeIgniter->run()
#5 {main}
CRITICAL - 2021-12-31 19:04:42 --> Undefined array key "activate"
#0 D:\xampp\htdocs\NPOS\app\Controllers\Customers.php(66): CodeIgniter\Debug\Exceptions->errorHandler(2, 'Undefined array...', 'D:\\xampp\\htdocs...', 66)
#1 D:\xampp\htdocs\NPOS\system\CodeIgniter.php(824): App\Controllers\Customers->find_sale_customer()
#2 D:\xampp\htdocs\NPOS\system\CodeIgniter.php(410): CodeIgniter\CodeIgniter->runController(Object(App\Controllers\Customers))
#3 D:\xampp\htdocs\NPOS\system\CodeIgniter.php(318): CodeIgniter\CodeIgniter->handleRequest(NULL, Object(Config\Cache), false)
#4 D:\xampp\htdocs\NPOS\public\index.php(48): CodeIgniter\CodeIgniter->run()
#5 {main}
CRITICAL - 2021-12-31 19:07:35 --> Undefined array key "activate"
#0 D:\xampp\htdocs\NPOS\app\Controllers\Customers.php(66): CodeIgniter\Debug\Exceptions->errorHandler(2, 'Undefined array...', 'D:\\xampp\\htdocs...', 66)
#1 D:\xampp\htdocs\NPOS\system\CodeIgniter.php(824): App\Controllers\Customers->find_sale_customer()
#2 D:\xampp\htdocs\NPOS\system\CodeIgniter.php(410): CodeIgniter\CodeIgniter->runController(Object(App\Controllers\Customers))
#3 D:\xampp\htdocs\NPOS\system\CodeIgniter.php(318): CodeIgniter\CodeIgniter->handleRequest(NULL, Object(Config\Cache), false)
#4 D:\xampp\htdocs\NPOS\public\index.php(48): CodeIgniter\CodeIgniter->run()
#5 {main}
CRITICAL - 2021-12-31 19:07:37 --> Undefined array key "activate"
#0 D:\xampp\htdocs\NPOS\app\Controllers\Customers.php(66): CodeIgniter\Debug\Exceptions->errorHandler(2, 'Undefined array...', 'D:\\xampp\\htdocs...', 66)
#1 D:\xampp\htdocs\NPOS\system\CodeIgniter.php(824): App\Controllers\Customers->find_sale_customer()
#2 D:\xampp\htdocs\NPOS\system\CodeIgniter.php(410): CodeIgniter\CodeIgniter->runController(Object(App\Controllers\Customers))
#3 D:\xampp\htdocs\NPOS\system\CodeIgniter.php(318): CodeIgniter\CodeIgniter->handleRequest(NULL, Object(Config\Cache), false)
#4 D:\xampp\htdocs\NPOS\public\index.php(48): CodeIgniter\CodeIgniter->run()
#5 {main}
CRITICAL - 2021-12-31 19:10:14 --> Undefined array key "activate"
#0 D:\xampp\htdocs\NPOS\app\Controllers\Customers.php(66): CodeIgniter\Debug\Exceptions->errorHandler(2, 'Undefined array...', 'D:\\xampp\\htdocs...', 66)
#1 D:\xampp\htdocs\NPOS\system\CodeIgniter.php(824): App\Controllers\Customers->find_sale_customer()
#2 D:\xampp\htdocs\NPOS\system\CodeIgniter.php(410): CodeIgniter\CodeIgniter->runController(Object(App\Controllers\Customers))
#3 D:\xampp\htdocs\NPOS\system\CodeIgniter.php(318): CodeIgniter\CodeIgniter->handleRequest(NULL, Object(Config\Cache), false)
#4 D:\xampp\htdocs\NPOS\public\index.php(48): CodeIgniter\CodeIgniter->run()
#5 {main}
CRITICAL - 2021-12-31 19:11:36 --> Undefined array key "activate"
#0 D:\xampp\htdocs\NPOS\app\Controllers\Customers.php(67): CodeIgniter\Debug\Exceptions->errorHandler(2, 'Undefined array...', 'D:\\xampp\\htdocs...', 67)
#1 D:\xampp\htdocs\NPOS\system\CodeIgniter.php(824): App\Controllers\Customers->find_sale_customer()
#2 D:\xampp\htdocs\NPOS\system\CodeIgniter.php(410): CodeIgniter\CodeIgniter->runController(Object(App\Controllers\Customers))
#3 D:\xampp\htdocs\NPOS\system\CodeIgniter.php(318): CodeIgniter\CodeIgniter->handleRequest(NULL, Object(Config\Cache), false)
#4 D:\xampp\htdocs\NPOS\public\index.php(48): CodeIgniter\CodeIgniter->run()
#5 {main}
CRITICAL - 2021-12-31 19:12:01 --> Attempt to read property "activate" on array
#0 D:\xampp\htdocs\NPOS\app\Controllers\Customers.php(67): CodeIgniter\Debug\Exceptions->errorHandler(2, 'Attempt to read...', 'D:\\xampp\\htdocs...', 67)
#1 D:\xampp\htdocs\NPOS\system\CodeIgniter.php(824): App\Controllers\Customers->find_sale_customer()
#2 D:\xampp\htdocs\NPOS\system\CodeIgniter.php(410): CodeIgniter\CodeIgniter->runController(Object(App\Controllers\Customers))
#3 D:\xampp\htdocs\NPOS\system\CodeIgniter.php(318): CodeIgniter\CodeIgniter->handleRequest(NULL, Object(Config\Cache), false)
#4 D:\xampp\htdocs\NPOS\public\index.php(48): CodeIgniter\CodeIgniter->run()
#5 {main}
ERROR - 2021-12-31 19:26:52 --> Duplicate entry 'General' for key 'cat_name'
ERROR - 2021-12-31 19:26:52 --> Duplicate entry '12345678' for key 'cus_code'
ERROR - 2021-12-31 19:34:30 --> Duplicate entry 'General' for key 'cat_name'
ERROR - 2021-12-31 19:34:30 --> Duplicate entry '12345678' for key 'cus_code'
CRITICAL - 2021-12-31 19:44:41 --> Call to undefined function App\Controllers\user_id()
#0 D:\xampp\htdocs\NPOS\system\CodeIgniter.php(824): App\Controllers\Dashboard->test()
#1 D:\xampp\htdocs\NPOS\system\CodeIgniter.php(410): CodeIgniter\CodeIgniter->runController(Object(App\Controllers\Dashboard))
#2 D:\xampp\htdocs\NPOS\system\CodeIgniter.php(318): CodeIgniter\CodeIgniter->handleRequest(NULL, Object(Config\Cache), false)
#3 D:\xampp\htdocs\NPOS\public\index.php(48): CodeIgniter\CodeIgniter->run()
#4 {main}
CRITICAL - 2021-12-31 19:45:26 --> Call to undefined function App\Controllers\user_id()
#0 D:\xampp\htdocs\NPOS\system\CodeIgniter.php(824): App\Controllers\Dashboard->test()
#1 D:\xampp\htdocs\NPOS\system\CodeIgniter.php(410): CodeIgniter\CodeIgniter->runController(Object(App\Controllers\Dashboard))
#2 D:\xampp\htdocs\NPOS\system\CodeIgniter.php(318): CodeIgniter\CodeIgniter->handleRequest(NULL, Object(Config\Cache), false)
#3 D:\xampp\htdocs\NPOS\public\index.php(48): CodeIgniter\CodeIgniter->run()
#4 {main}
CRITICAL - 2021-12-31 19:45:27 --> Call to undefined function App\Controllers\user_id()
#0 D:\xampp\htdocs\NPOS\system\CodeIgniter.php(824): App\Controllers\Dashboard->test()
#1 D:\xampp\htdocs\NPOS\system\CodeIgniter.php(410): CodeIgniter\CodeIgniter->runController(Object(App\Controllers\Dashboard))
#2 D:\xampp\htdocs\NPOS\system\CodeIgniter.php(318): CodeIgniter\CodeIgniter->handleRequest(NULL, Object(Config\Cache), false)
#3 D:\xampp\htdocs\NPOS\public\index.php(48): CodeIgniter\CodeIgniter->run()
#4 {main}
CRITICAL - 2021-12-31 19:46:52 --> Call to undefined function App\Controllers\setting()
#0 D:\xampp\htdocs\NPOS\system\CodeIgniter.php(824): App\Controllers\Dashboard->test()
#1 D:\xampp\htdocs\NPOS\system\CodeIgniter.php(410): CodeIgniter\CodeIgniter->runController(Object(App\Controllers\Dashboard))
#2 D:\xampp\htdocs\NPOS\system\CodeIgniter.php(318): CodeIgniter\CodeIgniter->handleRequest(NULL, Object(Config\Cache), false)
#3 D:\xampp\htdocs\NPOS\public\index.php(48): CodeIgniter\CodeIgniter->run()
#4 {main}
CRITICAL - 2021-12-31 19:46:53 --> Call to undefined function App\Controllers\setting()
#0 D:\xampp\htdocs\NPOS\system\CodeIgniter.php(824): App\Controllers\Dashboard->test()
#1 D:\xampp\htdocs\NPOS\system\CodeIgniter.php(410): CodeIgniter\CodeIgniter->runController(Object(App\Controllers\Dashboard))
#2 D:\xampp\htdocs\NPOS\system\CodeIgniter.php(318): CodeIgniter\CodeIgniter->handleRequest(NULL, Object(Config\Cache), false)
#3 D:\xampp\htdocs\NPOS\public\index.php(48): CodeIgniter\CodeIgniter->run()
#4 {main}
CRITICAL - 2021-12-31 19:46:54 --> Call to undefined function App\Controllers\setting()
#0 D:\xampp\htdocs\NPOS\system\CodeIgniter.php(824): App\Controllers\Dashboard->test()
#1 D:\xampp\htdocs\NPOS\system\CodeIgniter.php(410): CodeIgniter\CodeIgniter->runController(Object(App\Controllers\Dashboard))
#2 D:\xampp\htdocs\NPOS\system\CodeIgniter.php(318): CodeIgniter\CodeIgniter->handleRequest(NULL, Object(Config\Cache), false)
#3 D:\xampp\htdocs\NPOS\public\index.php(48): CodeIgniter\CodeIgniter->run()
#4 {main}
CRITICAL - 2021-12-31 19:47:59 --> Call to undefined function App\Controllers\setting()
#0 D:\xampp\htdocs\NPOS\system\CodeIgniter.php(824): App\Controllers\Dashboard->test()
#1 D:\xampp\htdocs\NPOS\system\CodeIgniter.php(410): CodeIgniter\CodeIgniter->runController(Object(App\Controllers\Dashboard))
#2 D:\xampp\htdocs\NPOS\system\CodeIgniter.php(318): CodeIgniter\CodeIgniter->handleRequest(NULL, Object(Config\Cache), false)
#3 D:\xampp\htdocs\NPOS\public\index.php(48): CodeIgniter\CodeIgniter->run()
#4 {main}
ERROR - 2021-12-31 20:03:58 --> Table 'npos.settings' doesn't exist
CRITICAL - 2021-12-31 20:03:58 --> Table 'npos.settings' doesn't exist
#0 D:\xampp\htdocs\NPOS\app\ThirdParty\ci_setting_2.1.0\Handlers\DatabaseHandler.php(41): CodeIgniter\Settings\Handlers\DatabaseHandler->hydrate('user:1')
#1 D:\xampp\htdocs\NPOS\app\ThirdParty\ci_setting_2.1.0\Handlers\DatabaseHandler.php(75): CodeIgniter\Settings\Handlers\DatabaseHandler->has('Config\\App', 'theme', 'user:1')
#2 D:\xampp\htdocs\NPOS\app\ThirdParty\ci_setting_2.1.0\Settings.php(84): CodeIgniter\Settings\Handlers\DatabaseHandler->set('Config\\App', 'theme', 'dark', 'user:1')
#3 D:\xampp\htdocs\NPOS\app\Controllers\Dashboard.php(27): CodeIgniter\Settings\Settings->set('App.theme', 'dark', 'user:1')
#4 D:\xampp\htdocs\NPOS\system\CodeIgniter.php(824): App\Controllers\Dashboard->test()
#5 D:\xampp\htdocs\NPOS\system\CodeIgniter.php(410): CodeIgniter\CodeIgniter->runController(Object(App\Controllers\Dashboard))
#6 D:\xampp\htdocs\NPOS\system\CodeIgniter.php(318): CodeIgniter\CodeIgniter->handleRequest(NULL, Object(Config\Cache), false)
#7 D:\xampp\htdocs\NPOS\public\index.php(48): CodeIgniter\CodeIgniter->run()
#8 {main}
ERROR - 2021-12-31 20:03:59 --> Table 'npos.settings' doesn't exist
CRITICAL - 2021-12-31 20:03:59 --> Table 'npos.settings' doesn't exist
#0 D:\xampp\htdocs\NPOS\app\ThirdParty\ci_setting_2.1.0\Handlers\DatabaseHandler.php(41): CodeIgniter\Settings\Handlers\DatabaseHandler->hydrate('user:1')
#1 D:\xampp\htdocs\NPOS\app\ThirdParty\ci_setting_2.1.0\Handlers\DatabaseHandler.php(75): CodeIgniter\Settings\Handlers\DatabaseHandler->has('Config\\App', 'theme', 'user:1')
#2 D:\xampp\htdocs\NPOS\app\ThirdParty\ci_setting_2.1.0\Settings.php(84): CodeIgniter\Settings\Handlers\DatabaseHandler->set('Config\\App', 'theme', 'dark', 'user:1')
#3 D:\xampp\htdocs\NPOS\app\Controllers\Dashboard.php(27): CodeIgniter\Settings\Settings->set('App.theme', 'dark', 'user:1')
#4 D:\xampp\htdocs\NPOS\system\CodeIgniter.php(824): App\Controllers\Dashboard->test()
#5 D:\xampp\htdocs\NPOS\system\CodeIgniter.php(410): CodeIgniter\CodeIgniter->runController(Object(App\Controllers\Dashboard))
#6 D:\xampp\htdocs\NPOS\system\CodeIgniter.php(318): CodeIgniter\CodeIgniter->handleRequest(NULL, Object(Config\Cache), false)
#7 D:\xampp\htdocs\NPOS\public\index.php(48): CodeIgniter\CodeIgniter->run()
#8 {main}
ERROR - 2021-12-31 20:04:42 --> Table 'npos.settings' doesn't exist
CRITICAL - 2021-12-31 20:04:42 --> Table 'npos.settings' doesn't exist
#0 D:\xampp\htdocs\NPOS\app\ThirdParty\ci_setting_2.1.0\Handlers\DatabaseHandler.php(41): CodeIgniter\Settings\Handlers\DatabaseHandler->hydrate('user:1')
#1 D:\xampp\htdocs\NPOS\app\ThirdParty\ci_setting_2.1.0\Handlers\DatabaseHandler.php(75): CodeIgniter\Settings\Handlers\DatabaseHandler->has('Config\\App', 'theme', 'user:1')
#2 D:\xampp\htdocs\NPOS\app\ThirdParty\ci_setting_2.1.0\Settings.php(84): CodeIgniter\Settings\Handlers\DatabaseHandler->set('Config\\App', 'theme', 'dark', 'user:1')
#3 D:\xampp\htdocs\NPOS\app\Controllers\Dashboard.php(27): CodeIgniter\Settings\Settings->set('App.theme', 'dark', 'user:1')
#4 D:\xampp\htdocs\NPOS\system\CodeIgniter.php(824): App\Controllers\Dashboard->test()
#5 D:\xampp\htdocs\NPOS\system\CodeIgniter.php(410): CodeIgniter\CodeIgniter->runController(Object(App\Controllers\Dashboard))
#6 D:\xampp\htdocs\NPOS\system\CodeIgniter.php(318): CodeIgniter\CodeIgniter->handleRequest(NULL, Object(Config\Cache), false)
#7 D:\xampp\htdocs\NPOS\public\index.php(48): CodeIgniter\CodeIgniter->run()
#8 {main}
CRITICAL - 2021-12-31 20:06:29 --> Call to undefined method App\Controllers\Dashboard::getPrivateProperty()
#0 D:\xampp\htdocs\NPOS\system\CodeIgniter.php(824): App\Controllers\Dashboard->test()
#1 D:\xampp\htdocs\NPOS\system\CodeIgniter.php(410): CodeIgniter\CodeIgniter->runController(Object(App\Controllers\Dashboard))
#2 D:\xampp\htdocs\NPOS\system\CodeIgniter.php(318): CodeIgniter\CodeIgniter->handleRequest(NULL, Object(Config\Cache), false)
#3 D:\xampp\htdocs\NPOS\public\index.php(48): CodeIgniter\CodeIgniter->run()
#4 {main}
CRITICAL - 2021-12-31 20:06:30 --> Call to undefined method App\Controllers\Dashboard::getPrivateProperty()
#0 D:\xampp\htdocs\NPOS\system\CodeIgniter.php(824): App\Controllers\Dashboard->test()
#1 D:\xampp\htdocs\NPOS\system\CodeIgniter.php(410): CodeIgniter\CodeIgniter->runController(Object(App\Controllers\Dashboard))
#2 D:\xampp\htdocs\NPOS\system\CodeIgniter.php(318): CodeIgniter\CodeIgniter->handleRequest(NULL, Object(Config\Cache), false)
#3 D:\xampp\htdocs\NPOS\public\index.php(48): CodeIgniter\CodeIgniter->run()
#4 {main}
CRITICAL - 2021-12-31 20:06:31 --> Call to undefined method App\Controllers\Dashboard::getPrivateProperty()
#0 D:\xampp\htdocs\NPOS\system\CodeIgniter.php(824): App\Controllers\Dashboard->test()
#1 D:\xampp\htdocs\NPOS\system\CodeIgniter.php(410): CodeIgniter\CodeIgniter->runController(Object(App\Controllers\Dashboard))
#2 D:\xampp\htdocs\NPOS\system\CodeIgniter.php(318): CodeIgniter\CodeIgniter->handleRequest(NULL, Object(Config\Cache), false)
#3 D:\xampp\htdocs\NPOS\public\index.php(48): CodeIgniter\CodeIgniter->run()
#4 {main}
ERROR - 2021-12-31 20:06:59 --> Table 'npos.settings' doesn't exist
CRITICAL - 2021-12-31 20:06:59 --> Table 'npos.settings' doesn't exist
#0 D:\xampp\htdocs\NPOS\app\ThirdParty\ci_setting_2.1.0\Handlers\DatabaseHandler.php(41): CodeIgniter\Settings\Handlers\DatabaseHandler->hydrate('user:1')
#1 D:\xampp\htdocs\NPOS\app\ThirdParty\ci_setting_2.1.0\Handlers\DatabaseHandler.php(75): CodeIgniter\Settings\Handlers\DatabaseHandler->has('Config\\App', 'theme', 'user:1')
#2 D:\xampp\htdocs\NPOS\app\ThirdParty\ci_setting_2.1.0\Settings.php(84): CodeIgniter\Settings\Handlers\DatabaseHandler->set('Config\\App', 'theme', 'dark', 'user:1')
#3 D:\xampp\htdocs\NPOS\app\Controllers\Dashboard.php(27): CodeIgniter\Settings\Settings->set('App.theme', 'dark', 'user:1')
#4 D:\xampp\htdocs\NPOS\system\CodeIgniter.php(824): App\Controllers\Dashboard->test()
#5 D:\xampp\htdocs\NPOS\system\CodeIgniter.php(410): CodeIgniter\CodeIgniter->runController(Object(App\Controllers\Dashboard))
#6 D:\xampp\htdocs\NPOS\system\CodeIgniter.php(318): CodeIgniter\CodeIgniter->handleRequest(NULL, Object(Config\Cache), false)
#7 D:\xampp\htdocs\NPOS\public\index.php(48): CodeIgniter\CodeIgniter->run()
#8 {main}
ERROR - 2021-12-31 20:07:00 --> Table 'npos.settings' doesn't exist
CRITICAL - 2021-12-31 20:07:00 --> Table 'npos.settings' doesn't exist
#0 D:\xampp\htdocs\NPOS\app\ThirdParty\ci_setting_2.1.0\Handlers\DatabaseHandler.php(41): CodeIgniter\Settings\Handlers\DatabaseHandler->hydrate('user:1')
#1 D:\xampp\htdocs\NPOS\app\ThirdParty\ci_setting_2.1.0\Handlers\DatabaseHandler.php(75): CodeIgniter\Settings\Handlers\DatabaseHandler->has('Config\\App', 'theme', 'user:1')
#2 D:\xampp\htdocs\NPOS\app\ThirdParty\ci_setting_2.1.0\Settings.php(84): CodeIgniter\Settings\Handlers\DatabaseHandler->set('Config\\App', 'theme', 'dark', 'user:1')
#3 D:\xampp\htdocs\NPOS\app\Controllers\Dashboard.php(27): CodeIgniter\Settings\Settings->set('App.theme', 'dark', 'user:1')
#4 D:\xampp\htdocs\NPOS\system\CodeIgniter.php(824): App\Controllers\Dashboard->test()
#5 D:\xampp\htdocs\NPOS\system\CodeIgniter.php(410): CodeIgniter\CodeIgniter->runController(Object(App\Controllers\Dashboard))
#6 D:\xampp\htdocs\NPOS\system\CodeIgniter.php(318): CodeIgniter\CodeIgniter->handleRequest(NULL, Object(Config\Cache), false)
#7 D:\xampp\htdocs\NPOS\public\index.php(48): CodeIgniter\CodeIgniter->run()
#8 {main}
ERROR - 2021-12-31 20:07:00 --> Table 'npos.settings' doesn't exist
CRITICAL - 2021-12-31 20:07:00 --> Table 'npos.settings' doesn't exist
#0 D:\xampp\htdocs\NPOS\app\ThirdParty\ci_setting_2.1.0\Handlers\DatabaseHandler.php(41): CodeIgniter\Settings\Handlers\DatabaseHandler->hydrate('user:1')
#1 D:\xampp\htdocs\NPOS\app\ThirdParty\ci_setting_2.1.0\Handlers\DatabaseHandler.php(75): CodeIgniter\Settings\Handlers\DatabaseHandler->has('Config\\App', 'theme', 'user:1')
#2 D:\xampp\htdocs\NPOS\app\ThirdParty\ci_setting_2.1.0\Settings.php(84): CodeIgniter\Settings\Handlers\DatabaseHandler->set('Config\\App', 'theme', 'dark', 'user:1')
#3 D:\xampp\htdocs\NPOS\app\Controllers\Dashboard.php(27): CodeIgniter\Settings\Settings->set('App.theme', 'dark', 'user:1')
#4 D:\xampp\htdocs\NPOS\system\CodeIgniter.php(824): App\Controllers\Dashboard->test()
#5 D:\xampp\htdocs\NPOS\system\CodeIgniter.php(410): CodeIgniter\CodeIgniter->runController(Object(App\Controllers\Dashboard))
#6 D:\xampp\htdocs\NPOS\system\CodeIgniter.php(318): CodeIgniter\CodeIgniter->handleRequest(NULL, Object(Config\Cache), false)
#7 D:\xampp\htdocs\NPOS\public\index.php(48): CodeIgniter\CodeIgniter->run()
#8 {main}
ERROR - 2021-12-31 20:07:20 --> Table 'npos.settings' doesn't exist
CRITICAL - 2021-12-31 20:07:20 --> Table 'npos.settings' doesn't exist
#0 D:\xampp\htdocs\NPOS\app\ThirdParty\ci_setting_2.1.0\Handlers\DatabaseHandler.php(41): CodeIgniter\Settings\Handlers\DatabaseHandler->hydrate('user:1')
#1 D:\xampp\htdocs\NPOS\app\ThirdParty\ci_setting_2.1.0\Handlers\DatabaseHandler.php(75): CodeIgniter\Settings\Handlers\DatabaseHandler->has('Config\\App', 'theme', 'user:1')
#2 D:\xampp\htdocs\NPOS\app\ThirdParty\ci_setting_2.1.0\Settings.php(84): CodeIgniter\Settings\Handlers\DatabaseHandler->set('Config\\App', 'theme', 'dark', 'user:1')
#3 D:\xampp\htdocs\NPOS\app\Controllers\Dashboard.php(27): CodeIgniter\Settings\Settings->set('App.theme', 'dark', 'user:1')
#4 D:\xampp\htdocs\NPOS\system\CodeIgniter.php(824): App\Controllers\Dashboard->test()
#5 D:\xampp\htdocs\NPOS\system\CodeIgniter.php(410): CodeIgniter\CodeIgniter->runController(Object(App\Controllers\Dashboard))
#6 D:\xampp\htdocs\NPOS\system\CodeIgniter.php(318): CodeIgniter\CodeIgniter->handleRequest(NULL, Object(Config\Cache), false)
#7 D:\xampp\htdocs\NPOS\public\index.php(48): CodeIgniter\CodeIgniter->run()
#8 {main}
CRITICAL - 2021-12-31 20:09:12 --> Undefined property: App\Controllers\Dashboard::$settings
#0 D:\xampp\htdocs\NPOS\app\Controllers\Dashboard.php(24): CodeIgniter\Debug\Exceptions->errorHandler(2, 'Undefined prope...', 'D:\\xampp\\htdocs...', 24)
#1 D:\xampp\htdocs\NPOS\system\CodeIgniter.php(824): App\Controllers\Dashboard->test()
#2 D:\xampp\htdocs\NPOS\system\CodeIgniter.php(410): CodeIgniter\CodeIgniter->runController(Object(App\Controllers\Dashboard))
#3 D:\xampp\htdocs\NPOS\system\CodeIgniter.php(318): CodeIgniter\CodeIgniter->handleRequest(NULL, Object(Config\Cache), false)
#4 D:\xampp\htdocs\NPOS\public\index.php(48): CodeIgniter\CodeIgniter->run()
#5 {main}
CRITICAL - 2021-12-31 20:09:13 --> Undefined property: App\Controllers\Dashboard::$settings
#0 D:\xampp\htdocs\NPOS\app\Controllers\Dashboard.php(24): CodeIgniter\Debug\Exceptions->errorHandler(2, 'Undefined prope...', 'D:\\xampp\\htdocs...', 24)
#1 D:\xampp\htdocs\NPOS\system\CodeIgniter.php(824): App\Controllers\Dashboard->test()
#2 D:\xampp\htdocs\NPOS\system\CodeIgniter.php(410): CodeIgniter\CodeIgniter->runController(Object(App\Controllers\Dashboard))
#3 D:\xampp\htdocs\NPOS\system\CodeIgniter.php(318): CodeIgniter\CodeIgniter->handleRequest(NULL, Object(Config\Cache), false)
#4 D:\xampp\htdocs\NPOS\public\index.php(48): CodeIgniter\CodeIgniter->run()
#5 {main}
CRITICAL - 2021-12-31 20:09:14 --> Undefined property: App\Controllers\Dashboard::$settings
#0 D:\xampp\htdocs\NPOS\app\Controllers\Dashboard.php(24): CodeIgniter\Debug\Exceptions->errorHandler(2, 'Undefined prope...', 'D:\\xampp\\htdocs...', 24)
#1 D:\xampp\htdocs\NPOS\system\CodeIgniter.php(824): App\Controllers\Dashboard->test()
#2 D:\xampp\htdocs\NPOS\system\CodeIgniter.php(410): CodeIgniter\CodeIgniter->runController(Object(App\Controllers\Dashboard))
#3 D:\xampp\htdocs\NPOS\system\CodeIgniter.php(318): CodeIgniter\CodeIgniter->handleRequest(NULL, Object(Config\Cache), false)
#4 D:\xampp\htdocs\NPOS\public\index.php(48): CodeIgniter\CodeIgniter->run()
#5 {main}
CRITICAL - 2021-12-31 20:09:34 --> Undefined property: App\Controllers\Dashboard::$settings
#0 D:\xampp\htdocs\NPOS\app\Controllers\Dashboard.php(26): CodeIgniter\Debug\Exceptions->errorHandler(2, 'Undefined prope...', 'D:\\xampp\\htdocs...', 26)
#1 D:\xampp\htdocs\NPOS\system\CodeIgniter.php(824): App\Controllers\Dashboard->test()
#2 D:\xampp\htdocs\NPOS\system\CodeIgniter.php(410): CodeIgniter\CodeIgniter->runController(Object(App\Controllers\Dashboard))
#3 D:\xampp\htdocs\NPOS\system\CodeIgniter.php(318): CodeIgniter\CodeIgniter->handleRequest(NULL, Object(Config\Cache), false)
#4 D:\xampp\htdocs\NPOS\public\index.php(48): CodeIgniter\CodeIgniter->run()
#5 {main}
CRITICAL - 2021-12-31 20:09:34 --> Undefined property: App\Controllers\Dashboard::$settings
#0 D:\xampp\htdocs\NPOS\app\Controllers\Dashboard.php(26): CodeIgniter\Debug\Exceptions->errorHandler(2, 'Undefined prope...', 'D:\\xampp\\htdocs...', 26)
#1 D:\xampp\htdocs\NPOS\system\CodeIgniter.php(824): App\Controllers\Dashboard->test()
#2 D:\xampp\htdocs\NPOS\system\CodeIgniter.php(410): CodeIgniter\CodeIgniter->runController(Object(App\Controllers\Dashboard))
#3 D:\xampp\htdocs\NPOS\system\CodeIgniter.php(318): CodeIgniter\CodeIgniter->handleRequest(NULL, Object(Config\Cache), false)
#4 D:\xampp\htdocs\NPOS\public\index.php(48): CodeIgniter\CodeIgniter->run()
#5 {main}
CRITICAL - 2021-12-31 20:09:35 --> Undefined property: App\Controllers\Dashboard::$settings
#0 D:\xampp\htdocs\NPOS\app\Controllers\Dashboard.php(26): CodeIgniter\Debug\Exceptions->errorHandler(2, 'Undefined prope...', 'D:\\xampp\\htdocs...', 26)
#1 D:\xampp\htdocs\NPOS\system\CodeIgniter.php(824): App\Controllers\Dashboard->test()
#2 D:\xampp\htdocs\NPOS\system\CodeIgniter.php(410): CodeIgniter\CodeIgniter->runController(Object(App\Controllers\Dashboard))
#3 D:\xampp\htdocs\NPOS\system\CodeIgniter.php(318): CodeIgniter\CodeIgniter->handleRequest(NULL, Object(Config\Cache), false)
#4 D:\xampp\htdocs\NPOS\public\index.php(48): CodeIgniter\CodeIgniter->run()
#5 {main}
CRITICAL - 2021-12-31 20:09:35 --> Undefined property: App\Controllers\Dashboard::$settings
#0 D:\xampp\htdocs\NPOS\app\Controllers\Dashboard.php(26): CodeIgniter\Debug\Exceptions->errorHandler(2, 'Undefined prope...', 'D:\\xampp\\htdocs...', 26)
#1 D:\xampp\htdocs\NPOS\system\CodeIgniter.php(824): App\Controllers\Dashboard->test()
#2 D:\xampp\htdocs\NPOS\system\CodeIgniter.php(410): CodeIgniter\CodeIgniter->runController(Object(App\Controllers\Dashboard))
#3 D:\xampp\htdocs\NPOS\system\CodeIgniter.php(318): CodeIgniter\CodeIgniter->handleRequest(NULL, Object(Config\Cache), false)
#4 D:\xampp\htdocs\NPOS\public\index.php(48): CodeIgniter\CodeIgniter->run()
#5 {main}
CRITICAL - 2021-12-31 20:10:32 --> Call to undefined method App\Controllers\Dashboard::assertSame()
#0 D:\xampp\htdocs\NPOS\system\CodeIgniter.php(824): App\Controllers\Dashboard->test()
#1 D:\xampp\htdocs\NPOS\system\CodeIgniter.php(410): CodeIgniter\CodeIgniter->runController(Object(App\Controllers\Dashboard))
#2 D:\xampp\htdocs\NPOS\system\CodeIgniter.php(318): CodeIgniter\CodeIgniter->handleRequest(NULL, Object(Config\Cache), false)
#3 D:\xampp\htdocs\NPOS\public\index.php(48): CodeIgniter\CodeIgniter->run()
#4 {main}
CRITICAL - 2021-12-31 20:10:33 --> Call to undefined method App\Controllers\Dashboard::assertSame()
#0 D:\xampp\htdocs\NPOS\system\CodeIgniter.php(824): App\Controllers\Dashboard->test()
#1 D:\xampp\htdocs\NPOS\system\CodeIgniter.php(410): CodeIgniter\CodeIgniter->runController(Object(App\Controllers\Dashboard))
#2 D:\xampp\htdocs\NPOS\system\CodeIgniter.php(318): CodeIgniter\CodeIgniter->handleRequest(NULL, Object(Config\Cache), false)
#3 D:\xampp\htdocs\NPOS\public\index.php(48): CodeIgniter\CodeIgniter->run()
#4 {main}
CRITICAL - 2021-12-31 20:10:33 --> Call to undefined method App\Controllers\Dashboard::assertSame()
#0 D:\xampp\htdocs\NPOS\system\CodeIgniter.php(824): App\Controllers\Dashboard->test()
#1 D:\xampp\htdocs\NPOS\system\CodeIgniter.php(410): CodeIgniter\CodeIgniter->runController(Object(App\Controllers\Dashboard))
#2 D:\xampp\htdocs\NPOS\system\CodeIgniter.php(318): CodeIgniter\CodeIgniter->handleRequest(NULL, Object(Config\Cache), false)
#3 D:\xampp\htdocs\NPOS\public\index.php(48): CodeIgniter\CodeIgniter->run()
#4 {main}
CRITICAL - 2021-12-31 20:10:33 --> Call to undefined method App\Controllers\Dashboard::assertSame()
#0 D:\xampp\htdocs\NPOS\system\CodeIgniter.php(824): App\Controllers\Dashboard->test()
#1 D:\xampp\htdocs\NPOS\system\CodeIgniter.php(410): CodeIgniter\CodeIgniter->runController(Object(App\Controllers\Dashboard))
#2 D:\xampp\htdocs\NPOS\system\CodeIgniter.php(318): CodeIgniter\CodeIgniter->handleRequest(NULL, Object(Config\Cache), false)
#3 D:\xampp\htdocs\NPOS\public\index.php(48): CodeIgniter\CodeIgniter->run()
#4 {main}
CRITICAL - 2021-12-31 20:10:33 --> Call to undefined method App\Controllers\Dashboard::assertSame()
#0 D:\xampp\htdocs\NPOS\system\CodeIgniter.php(824): App\Controllers\Dashboard->test()
#1 D:\xampp\htdocs\NPOS\system\CodeIgniter.php(410): CodeIgniter\CodeIgniter->runController(Object(App\Controllers\Dashboard))
#2 D:\xampp\htdocs\NPOS\system\CodeIgniter.php(318): CodeIgniter\CodeIgniter->handleRequest(NULL, Object(Config\Cache), false)
#3 D:\xampp\htdocs\NPOS\public\index.php(48): CodeIgniter\CodeIgniter->run()
#4 {main}
CRITICAL - 2021-12-31 20:10:34 --> Call to undefined method App\Controllers\Dashboard::assertSame()
#0 D:\xampp\htdocs\NPOS\system\CodeIgniter.php(824): App\Controllers\Dashboard->test()
#1 D:\xampp\htdocs\NPOS\system\CodeIgniter.php(410): CodeIgniter\CodeIgniter->runController(Object(App\Controllers\Dashboard))
#2 D:\xampp\htdocs\NPOS\system\CodeIgniter.php(318): CodeIgniter\CodeIgniter->handleRequest(NULL, Object(Config\Cache), false)
#3 D:\xampp\htdocs\NPOS\public\index.php(48): CodeIgniter\CodeIgniter->run()
#4 {main}
CRITICAL - 2021-12-31 20:12:26 --> Undefined property: App\Controllers\Dashboard::$settings
#0 D:\xampp\htdocs\NPOS\app\Controllers\Dashboard.php(26): CodeIgniter\Debug\Exceptions->errorHandler(2, 'Undefined prope...', 'D:\\xampp\\htdocs...', 26)
#1 D:\xampp\htdocs\NPOS\system\CodeIgniter.php(824): App\Controllers\Dashboard->test()
#2 D:\xampp\htdocs\NPOS\system\CodeIgniter.php(410): CodeIgniter\CodeIgniter->runController(Object(App\Controllers\Dashboard))
#3 D:\xampp\htdocs\NPOS\system\CodeIgniter.php(318): CodeIgniter\CodeIgniter->handleRequest(NULL, Object(Config\Cache), false)
#4 D:\xampp\htdocs\NPOS\public\index.php(48): CodeIgniter\CodeIgniter->run()
#5 {main}
CRITICAL - 2021-12-31 20:12:28 --> Undefined property: App\Controllers\Dashboard::$settings
#0 D:\xampp\htdocs\NPOS\app\Controllers\Dashboard.php(26): CodeIgniter\Debug\Exceptions->errorHandler(2, 'Undefined prope...', 'D:\\xampp\\htdocs...', 26)
#1 D:\xampp\htdocs\NPOS\system\CodeIgniter.php(824): App\Controllers\Dashboard->test()
#2 D:\xampp\htdocs\NPOS\system\CodeIgniter.php(410): CodeIgniter\CodeIgniter->runController(Object(App\Controllers\Dashboard))
#3 D:\xampp\htdocs\NPOS\system\CodeIgniter.php(318): CodeIgniter\CodeIgniter->handleRequest(NULL, Object(Config\Cache), false)
#4 D:\xampp\htdocs\NPOS\public\index.php(48): CodeIgniter\CodeIgniter->run()
#5 {main}
CRITICAL - 2021-12-31 20:12:39 --> Undefined property: App\Controllers\Dashboard::$settings
#0 D:\xampp\htdocs\NPOS\app\Controllers\Dashboard.php(26): CodeIgniter\Debug\Exceptions->errorHandler(2, 'Undefined prope...', 'D:\\xampp\\htdocs...', 26)
#1 D:\xampp\htdocs\NPOS\system\CodeIgniter.php(824): App\Controllers\Dashboard->test()
#2 D:\xampp\htdocs\NPOS\system\CodeIgniter.php(410): CodeIgniter\CodeIgniter->runController(Object(App\Controllers\Dashboard))
#3 D:\xampp\htdocs\NPOS\system\CodeIgniter.php(318): CodeIgniter\CodeIgniter->handleRequest(NULL, Object(Config\Cache), false)
#4 D:\xampp\htdocs\NPOS\public\index.php(48): CodeIgniter\CodeIgniter->run()
#5 {main}
CRITICAL - 2021-12-31 20:12:39 --> Undefined property: App\Controllers\Dashboard::$settings
#0 D:\xampp\htdocs\NPOS\app\Controllers\Dashboard.php(26): CodeIgniter\Debug\Exceptions->errorHandler(2, 'Undefined prope...', 'D:\\xampp\\htdocs...', 26)
#1 D:\xampp\htdocs\NPOS\system\CodeIgniter.php(824): App\Controllers\Dashboard->test()
#2 D:\xampp\htdocs\NPOS\system\CodeIgniter.php(410): CodeIgniter\CodeIgniter->runController(Object(App\Controllers\Dashboard))
#3 D:\xampp\htdocs\NPOS\system\CodeIgniter.php(318): CodeIgniter\CodeIgniter->handleRequest(NULL, Object(Config\Cache), false)
#4 D:\xampp\htdocs\NPOS\public\index.php(48): CodeIgniter\CodeIgniter->run()
#5 {main}
