CRITICAL - 2021-12-18 17:16:39 --> Undefined array key "email"
#0 D:\xampp\htdocs\NPOS\app\Controllers\Login.php(23): CodeIgniter\Debug\Exceptions->errorHandler(2, 'Undefined array...', 'D:\\xampp\\htdocs...', 23)
#1 D:\xampp\htdocs\NPOS\system\CodeIgniter.php(824): App\Controllers\Login->Check_Login()
#2 D:\xampp\htdocs\NPOS\system\CodeIgniter.php(410): CodeIgniter\CodeIgniter->runController(Object(App\Controllers\Login))
#3 D:\xampp\htdocs\NPOS\system\CodeIgniter.php(318): CodeIgniter\CodeIgniter->handleRequest(NULL, Object(Config\Cache), false)
#4 D:\xampp\htdocs\NPOS\public\index.php(37): CodeIgniter\CodeIgniter->run()
#5 {main}
CRITICAL - 2021-12-18 17:16:48 --> Undefined array key "email"
#0 D:\xampp\htdocs\NPOS\app\Controllers\Login.php(23): CodeIgniter\Debug\Exceptions->errorHandler(2, 'Undefined array...', 'D:\\xampp\\htdocs...', 23)
#1 D:\xampp\htdocs\NPOS\system\CodeIgniter.php(824): App\Controllers\Login->Check_Login()
#2 D:\xampp\htdocs\NPOS\system\CodeIgniter.php(410): CodeIgniter\CodeIgniter->runController(Object(App\Controllers\Login))
#3 D:\xampp\htdocs\NPOS\system\CodeIgniter.php(318): CodeIgniter\CodeIgniter->handleRequest(NULL, Object(Config\Cache), false)
#4 D:\xampp\htdocs\NPOS\public\index.php(37): CodeIgniter\CodeIgniter->run()
#5 {main}
CRITICAL - 2021-12-18 17:16:51 --> Undefined array key "email"
#0 D:\xampp\htdocs\NPOS\app\Controllers\Login.php(23): CodeIgniter\Debug\Exceptions->errorHandler(2, 'Undefined array...', 'D:\\xampp\\htdocs...', 23)
#1 D:\xampp\htdocs\NPOS\system\CodeIgniter.php(824): App\Controllers\Login->Check_Login()
#2 D:\xampp\htdocs\NPOS\system\CodeIgniter.php(410): CodeIgniter\CodeIgniter->runController(Object(App\Controllers\Login))
#3 D:\xampp\htdocs\NPOS\system\CodeIgniter.php(318): CodeIgniter\CodeIgniter->handleRequest(NULL, Object(Config\Cache), false)
#4 D:\xampp\htdocs\NPOS\public\index.php(37): CodeIgniter\CodeIgniter->run()
#5 {main}
CRITICAL - 2021-12-18 17:18:09 --> Undefined array key "email"
#0 D:\xampp\htdocs\NPOS\app\Controllers\Login.php(23): CodeIgniter\Debug\Exceptions->errorHandler(2, 'Undefined array...', 'D:\\xampp\\htdocs...', 23)
#1 D:\xampp\htdocs\NPOS\system\CodeIgniter.php(824): App\Controllers\Login->Check_Login()
#2 D:\xampp\htdocs\NPOS\system\CodeIgniter.php(410): CodeIgniter\CodeIgniter->runController(Object(App\Controllers\Login))
#3 D:\xampp\htdocs\NPOS\system\CodeIgniter.php(318): CodeIgniter\CodeIgniter->handleRequest(NULL, Object(Config\Cache), false)
#4 D:\xampp\htdocs\NPOS\public\index.php(37): CodeIgniter\CodeIgniter->run()
#5 {main}
CRITICAL - 2021-12-18 17:18:11 --> Undefined array key "email"
#0 D:\xampp\htdocs\NPOS\app\Controllers\Login.php(23): CodeIgniter\Debug\Exceptions->errorHandler(2, 'Undefined array...', 'D:\\xampp\\htdocs...', 23)
#1 D:\xampp\htdocs\NPOS\system\CodeIgniter.php(824): App\Controllers\Login->Check_Login()
#2 D:\xampp\htdocs\NPOS\system\CodeIgniter.php(410): CodeIgniter\CodeIgniter->runController(Object(App\Controllers\Login))
#3 D:\xampp\htdocs\NPOS\system\CodeIgniter.php(318): CodeIgniter\CodeIgniter->handleRequest(NULL, Object(Config\Cache), false)
#4 D:\xampp\htdocs\NPOS\public\index.php(37): CodeIgniter\CodeIgniter->run()
#5 {main}
CRITICAL - 2021-12-18 17:20:17 --> Undefined array key "email"
#0 D:\xampp\htdocs\NPOS\app\Controllers\Login.php(23): CodeIgniter\Debug\Exceptions->errorHandler(2, 'Undefined array...', 'D:\\xampp\\htdocs...', 23)
#1 D:\xampp\htdocs\NPOS\system\CodeIgniter.php(824): App\Controllers\Login->Check_Login()
#2 D:\xampp\htdocs\NPOS\system\CodeIgniter.php(410): CodeIgniter\CodeIgniter->runController(Object(App\Controllers\Login))
#3 D:\xampp\htdocs\NPOS\system\CodeIgniter.php(318): CodeIgniter\CodeIgniter->handleRequest(NULL, Object(Config\Cache), false)
#4 D:\xampp\htdocs\NPOS\public\index.php(37): CodeIgniter\CodeIgniter->run()
#5 {main}
CRITICAL - 2021-12-18 17:20:33 --> Undefined array key "email"
#0 D:\xampp\htdocs\NPOS\app\Controllers\Login.php(23): CodeIgniter\Debug\Exceptions->errorHandler(2, 'Undefined array...', 'D:\\xampp\\htdocs...', 23)
#1 D:\xampp\htdocs\NPOS\system\CodeIgniter.php(824): App\Controllers\Login->Check_Login()
#2 D:\xampp\htdocs\NPOS\system\CodeIgniter.php(410): CodeIgniter\CodeIgniter->runController(Object(App\Controllers\Login))
#3 D:\xampp\htdocs\NPOS\system\CodeIgniter.php(318): CodeIgniter\CodeIgniter->handleRequest(NULL, Object(Config\Cache), false)
#4 D:\xampp\htdocs\NPOS\public\index.php(37): CodeIgniter\CodeIgniter->run()
#5 {main}
CRITICAL - 2021-12-18 17:21:07 --> Undefined array key "email"
#0 D:\xampp\htdocs\NPOS\app\Controllers\Login.php(23): CodeIgniter\Debug\Exceptions->errorHandler(2, 'Undefined array...', 'D:\\xampp\\htdocs...', 23)
#1 D:\xampp\htdocs\NPOS\system\CodeIgniter.php(824): App\Controllers\Login->Check_Login()
#2 D:\xampp\htdocs\NPOS\system\CodeIgniter.php(410): CodeIgniter\CodeIgniter->runController(Object(App\Controllers\Login))
#3 D:\xampp\htdocs\NPOS\system\CodeIgniter.php(318): CodeIgniter\CodeIgniter->handleRequest(NULL, Object(Config\Cache), false)
#4 D:\xampp\htdocs\NPOS\public\index.php(37): CodeIgniter\CodeIgniter->run()
#5 {main}
CRITICAL - 2021-12-18 17:21:08 --> Undefined array key "email"
#0 D:\xampp\htdocs\NPOS\app\Controllers\Login.php(23): CodeIgniter\Debug\Exceptions->errorHandler(2, 'Undefined array...', 'D:\\xampp\\htdocs...', 23)
#1 D:\xampp\htdocs\NPOS\system\CodeIgniter.php(824): App\Controllers\Login->Check_Login()
#2 D:\xampp\htdocs\NPOS\system\CodeIgniter.php(410): CodeIgniter\CodeIgniter->runController(Object(App\Controllers\Login))
#3 D:\xampp\htdocs\NPOS\system\CodeIgniter.php(318): CodeIgniter\CodeIgniter->handleRequest(NULL, Object(Config\Cache), false)
#4 D:\xampp\htdocs\NPOS\public\index.php(37): CodeIgniter\CodeIgniter->run()
#5 {main}
CRITICAL - 2021-12-18 17:21:08 --> Undefined array key "email"
#0 D:\xampp\htdocs\NPOS\app\Controllers\Login.php(23): CodeIgniter\Debug\Exceptions->errorHandler(2, 'Undefined array...', 'D:\\xampp\\htdocs...', 23)
#1 D:\xampp\htdocs\NPOS\system\CodeIgniter.php(824): App\Controllers\Login->Check_Login()
#2 D:\xampp\htdocs\NPOS\system\CodeIgniter.php(410): CodeIgniter\CodeIgniter->runController(Object(App\Controllers\Login))
#3 D:\xampp\htdocs\NPOS\system\CodeIgniter.php(318): CodeIgniter\CodeIgniter->handleRequest(NULL, Object(Config\Cache), false)
#4 D:\xampp\htdocs\NPOS\public\index.php(37): CodeIgniter\CodeIgniter->run()
#5 {main}
CRITICAL - 2021-12-18 17:21:35 --> Undefined array key "email"
#0 D:\xampp\htdocs\NPOS\app\Controllers\Login.php(23): CodeIgniter\Debug\Exceptions->errorHandler(2, 'Undefined array...', 'D:\\xampp\\htdocs...', 23)
#1 D:\xampp\htdocs\NPOS\system\CodeIgniter.php(824): App\Controllers\Login->Check_Login()
#2 D:\xampp\htdocs\NPOS\system\CodeIgniter.php(410): CodeIgniter\CodeIgniter->runController(Object(App\Controllers\Login))
#3 D:\xampp\htdocs\NPOS\system\CodeIgniter.php(318): CodeIgniter\CodeIgniter->handleRequest(NULL, Object(Config\Cache), false)
#4 D:\xampp\htdocs\NPOS\public\index.php(37): CodeIgniter\CodeIgniter->run()
#5 {main}
CRITICAL - 2021-12-18 17:21:36 --> Undefined array key "email"
#0 D:\xampp\htdocs\NPOS\app\Controllers\Login.php(23): CodeIgniter\Debug\Exceptions->errorHandler(2, 'Undefined array...', 'D:\\xampp\\htdocs...', 23)
#1 D:\xampp\htdocs\NPOS\system\CodeIgniter.php(824): App\Controllers\Login->Check_Login()
#2 D:\xampp\htdocs\NPOS\system\CodeIgniter.php(410): CodeIgniter\CodeIgniter->runController(Object(App\Controllers\Login))
#3 D:\xampp\htdocs\NPOS\system\CodeIgniter.php(318): CodeIgniter\CodeIgniter->handleRequest(NULL, Object(Config\Cache), false)
#4 D:\xampp\htdocs\NPOS\public\index.php(37): CodeIgniter\CodeIgniter->run()
#5 {main}
CRITICAL - 2021-12-18 17:21:54 --> Undefined array key "email"
#0 D:\xampp\htdocs\NPOS\app\Controllers\Login.php(23): CodeIgniter\Debug\Exceptions->errorHandler(2, 'Undefined array...', 'D:\\xampp\\htdocs...', 23)
#1 D:\xampp\htdocs\NPOS\system\CodeIgniter.php(824): App\Controllers\Login->Check_Login()
#2 D:\xampp\htdocs\NPOS\system\CodeIgniter.php(410): CodeIgniter\CodeIgniter->runController(Object(App\Controllers\Login))
#3 D:\xampp\htdocs\NPOS\system\CodeIgniter.php(318): CodeIgniter\CodeIgniter->handleRequest(NULL, Object(Config\Cache), false)
#4 D:\xampp\htdocs\NPOS\public\index.php(37): CodeIgniter\CodeIgniter->run()
#5 {main}
CRITICAL - 2021-12-18 17:21:55 --> Undefined array key "email"
#0 D:\xampp\htdocs\NPOS\app\Controllers\Login.php(23): CodeIgniter\Debug\Exceptions->errorHandler(2, 'Undefined array...', 'D:\\xampp\\htdocs...', 23)
#1 D:\xampp\htdocs\NPOS\system\CodeIgniter.php(824): App\Controllers\Login->Check_Login()
#2 D:\xampp\htdocs\NPOS\system\CodeIgniter.php(410): CodeIgniter\CodeIgniter->runController(Object(App\Controllers\Login))
#3 D:\xampp\htdocs\NPOS\system\CodeIgniter.php(318): CodeIgniter\CodeIgniter->handleRequest(NULL, Object(Config\Cache), false)
#4 D:\xampp\htdocs\NPOS\public\index.php(37): CodeIgniter\CodeIgniter->run()
#5 {main}
CRITICAL - 2021-12-18 17:21:55 --> Undefined array key "email"
#0 D:\xampp\htdocs\NPOS\app\Controllers\Login.php(23): CodeIgniter\Debug\Exceptions->errorHandler(2, 'Undefined array...', 'D:\\xampp\\htdocs...', 23)
#1 D:\xampp\htdocs\NPOS\system\CodeIgniter.php(824): App\Controllers\Login->Check_Login()
#2 D:\xampp\htdocs\NPOS\system\CodeIgniter.php(410): CodeIgniter\CodeIgniter->runController(Object(App\Controllers\Login))
#3 D:\xampp\htdocs\NPOS\system\CodeIgniter.php(318): CodeIgniter\CodeIgniter->handleRequest(NULL, Object(Config\Cache), false)
#4 D:\xampp\htdocs\NPOS\public\index.php(37): CodeIgniter\CodeIgniter->run()
#5 {main}
CRITICAL - 2021-12-18 17:23:18 --> Undefined array key "email"
#0 D:\xampp\htdocs\NPOS\app\Controllers\Login.php(19): CodeIgniter\Debug\Exceptions->errorHandler(2, 'Undefined array...', 'D:\\xampp\\htdocs...', 19)
#1 D:\xampp\htdocs\NPOS\system\CodeIgniter.php(824): App\Controllers\Login->Check_Login()
#2 D:\xampp\htdocs\NPOS\system\CodeIgniter.php(410): CodeIgniter\CodeIgniter->runController(Object(App\Controllers\Login))
#3 D:\xampp\htdocs\NPOS\system\CodeIgniter.php(318): CodeIgniter\CodeIgniter->handleRequest(NULL, Object(Config\Cache), false)
#4 D:\xampp\htdocs\NPOS\public\index.php(37): CodeIgniter\CodeIgniter->run()
#5 {main}
CRITICAL - 2021-12-18 17:23:20 --> Undefined array key "email"
#0 D:\xampp\htdocs\NPOS\app\Controllers\Login.php(19): CodeIgniter\Debug\Exceptions->errorHandler(2, 'Undefined array...', 'D:\\xampp\\htdocs...', 19)
#1 D:\xampp\htdocs\NPOS\system\CodeIgniter.php(824): App\Controllers\Login->Check_Login()
#2 D:\xampp\htdocs\NPOS\system\CodeIgniter.php(410): CodeIgniter\CodeIgniter->runController(Object(App\Controllers\Login))
#3 D:\xampp\htdocs\NPOS\system\CodeIgniter.php(318): CodeIgniter\CodeIgniter->handleRequest(NULL, Object(Config\Cache), false)
#4 D:\xampp\htdocs\NPOS\public\index.php(37): CodeIgniter\CodeIgniter->run()
#5 {main}
CRITICAL - 2021-12-18 17:23:41 --> Undefined array key "email"
#0 D:\xampp\htdocs\NPOS\app\Controllers\Login.php(19): CodeIgniter\Debug\Exceptions->errorHandler(2, 'Undefined array...', 'D:\\xampp\\htdocs...', 19)
#1 D:\xampp\htdocs\NPOS\system\CodeIgniter.php(824): App\Controllers\Login->Check_Login()
#2 D:\xampp\htdocs\NPOS\system\CodeIgniter.php(410): CodeIgniter\CodeIgniter->runController(Object(App\Controllers\Login))
#3 D:\xampp\htdocs\NPOS\system\CodeIgniter.php(318): CodeIgniter\CodeIgniter->handleRequest(NULL, Object(Config\Cache), false)
#4 D:\xampp\htdocs\NPOS\public\index.php(37): CodeIgniter\CodeIgniter->run()
#5 {main}
CRITICAL - 2021-12-18 17:23:43 --> Undefined array key "email"
#0 D:\xampp\htdocs\NPOS\app\Controllers\Login.php(19): CodeIgniter\Debug\Exceptions->errorHandler(2, 'Undefined array...', 'D:\\xampp\\htdocs...', 19)
#1 D:\xampp\htdocs\NPOS\system\CodeIgniter.php(824): App\Controllers\Login->Check_Login()
#2 D:\xampp\htdocs\NPOS\system\CodeIgniter.php(410): CodeIgniter\CodeIgniter->runController(Object(App\Controllers\Login))
#3 D:\xampp\htdocs\NPOS\system\CodeIgniter.php(318): CodeIgniter\CodeIgniter->handleRequest(NULL, Object(Config\Cache), false)
#4 D:\xampp\htdocs\NPOS\public\index.php(37): CodeIgniter\CodeIgniter->run()
#5 {main}
CRITICAL - 2021-12-18 17:23:52 --> Undefined array key "email"
#0 D:\xampp\htdocs\NPOS\app\Controllers\Login.php(19): CodeIgniter\Debug\Exceptions->errorHandler(2, 'Undefined array...', 'D:\\xampp\\htdocs...', 19)
#1 D:\xampp\htdocs\NPOS\system\CodeIgniter.php(824): App\Controllers\Login->Check_Login()
#2 D:\xampp\htdocs\NPOS\system\CodeIgniter.php(410): CodeIgniter\CodeIgniter->runController(Object(App\Controllers\Login))
#3 D:\xampp\htdocs\NPOS\system\CodeIgniter.php(318): CodeIgniter\CodeIgniter->handleRequest(NULL, Object(Config\Cache), false)
#4 D:\xampp\htdocs\NPOS\public\index.php(37): CodeIgniter\CodeIgniter->run()
#5 {main}
CRITICAL - 2021-12-18 17:25:27 --> Undefined array key "email"
#0 D:\xampp\htdocs\NPOS\app\Controllers\Login.php(23): CodeIgniter\Debug\Exceptions->errorHandler(2, 'Undefined array...', 'D:\\xampp\\htdocs...', 23)
#1 D:\xampp\htdocs\NPOS\system\CodeIgniter.php(824): App\Controllers\Login->Check_Login()
#2 D:\xampp\htdocs\NPOS\system\CodeIgniter.php(410): CodeIgniter\CodeIgniter->runController(Object(App\Controllers\Login))
#3 D:\xampp\htdocs\NPOS\system\CodeIgniter.php(318): CodeIgniter\CodeIgniter->handleRequest(NULL, Object(Config\Cache), false)
#4 D:\xampp\htdocs\NPOS\public\index.php(37): CodeIgniter\CodeIgniter->run()
#5 {main}
CRITICAL - 2021-12-18 17:25:55 --> Undefined array key "email"
#0 D:\xampp\htdocs\NPOS\app\Controllers\Login.php(23): CodeIgniter\Debug\Exceptions->errorHandler(2, 'Undefined array...', 'D:\\xampp\\htdocs...', 23)
#1 D:\xampp\htdocs\NPOS\system\CodeIgniter.php(824): App\Controllers\Login->Check_Login()
#2 D:\xampp\htdocs\NPOS\system\CodeIgniter.php(410): CodeIgniter\CodeIgniter->runController(Object(App\Controllers\Login))
#3 D:\xampp\htdocs\NPOS\system\CodeIgniter.php(318): CodeIgniter\CodeIgniter->handleRequest(NULL, Object(Config\Cache), false)
#4 D:\xampp\htdocs\NPOS\public\index.php(37): CodeIgniter\CodeIgniter->run()
#5 {main}
CRITICAL - 2021-12-18 17:25:57 --> Undefined array key "email"
#0 D:\xampp\htdocs\NPOS\app\Controllers\Login.php(23): CodeIgniter\Debug\Exceptions->errorHandler(2, 'Undefined array...', 'D:\\xampp\\htdocs...', 23)
#1 D:\xampp\htdocs\NPOS\system\CodeIgniter.php(824): App\Controllers\Login->Check_Login()
#2 D:\xampp\htdocs\NPOS\system\CodeIgniter.php(410): CodeIgniter\CodeIgniter->runController(Object(App\Controllers\Login))
#3 D:\xampp\htdocs\NPOS\system\CodeIgniter.php(318): CodeIgniter\CodeIgniter->handleRequest(NULL, Object(Config\Cache), false)
#4 D:\xampp\htdocs\NPOS\public\index.php(37): CodeIgniter\CodeIgniter->run()
#5 {main}
